<?xml version="1.0" encoding="UTF-8"?>
<!-- Generated by org.testng.reporters.JUnitXMLReporter -->
<testsuite hostname="CNDDINESHVENKAT" ignored="0" name="sampleAndroid" tests="2" failures="1" timestamp="07 Jul 2017 12:54:29 GMT" time="47.296" errors="0">
  <testcase name="test1" time="34.594" classname="Seetest.SampleAndroidTest"/>
  <testcase name="test2" time="11.231" classname="Seetest.SampleAndroidTest">
    <failure type="java.lang.AssertionError" message="The following asserts failed:
	ElementBy.xpath: //*[@text=&amp;apos;test&amp;apos;] is not visible expected [true] but found [false]">
      <![CDATA[java.lang.AssertionError: The following asserts failed:
	ElementBy.xpath: //*[@text='test'] is not visible expected [true] but found [false]
	at com.seetest.driverInstance.SeetestCommandBase.verifyElementPresent(SeetestCommandBase.java:107)
	at Seetest.SampleAndroidTest.test2(SampleAndroidTest.java:33)
... Removed 26 stack frames]]>
    </failure>
  </testcase> <!-- test2 -->
</testsuite> <!-- sampleAndroid -->
